# project csp-term (v2.9) configured on Thu May 22 11:57:22 2025 by
# waf 1.8.7 (abi 98, python 2070cf0 on linux2)
# using ./waf configure
#
----------------------------------------
Setting top to
/home/yuling/Desktop/UHF_GS_CSP-term software_16 May 2023_auto client addr
----------------------------------------
Setting out to
/home/yuling/Desktop/UHF_GS_CSP-term software_16 May 2023_auto client addr/build
----------------------------------------
Checking for program 'gcc, cc'
/usr/bin/gcc
find program=['gcc', 'cc'] paths=['/usr/local/sbin', '/usr/local/bin', '/usr/sbin', '/usr/bin', '/sbin', '/bin', '/snap/bin'] var='CC' -> ['/usr/bin/gcc']
----------------------------------------
Checking for program 'ar'
/usr/bin/ar
find program=['ar'] paths=['/usr/local/sbin', '/usr/local/bin', '/usr/sbin', '/usr/bin', '/sbin', '/bin', '/snap/bin'] var='AR' -> ['/usr/bin/ar']
----------------------------------------
Checking for program 'sphinx-build'
/usr/bin/sphinx-build
find program=['sphinx-build'] paths=['/usr/local/sbin', '/usr/local/bin', '/usr/sbin', '/usr/bin', '/sbin', '/bin', '/snap/bin'] var='SPHINX_BUILD' -> ['/usr/bin/sphinx-build']
----------------------------------------
Checking for program 'pkg-config'
/usr/bin/pkg-config
find program=['pkg-config'] paths=['/usr/local/sbin', '/usr/local/bin', '/usr/sbin', '/usr/bin', '/sbin', '/bin', '/snap/bin'] var='PKGCONFIG' -> ['/usr/bin/pkg-config']
----------------------------------------
Checking for 'libcurl'
['/usr/bin/pkg-config', '--cflags', '--libs', 'libcurl']
out: -lcurl

yes
(tool gcc is already loaded, skipping)
----------------------------------------
Checking for 'libzmq'
['/usr/bin/pkg-config', '--cflags', '--libs', 'libzmq']
out: -lzmq

yes
----------------------------------------
Checking for endianness
==>

short int ascii_mm[] = { 0x4249, 0x4765, 0x6E44, 0x6961, 0x6E53, 0x7953, 0 };
short int ascii_ii[] = { 0x694C, 0x5454, 0x656C, 0x6E45, 0x6944, 0x6E61, 0 };
int use_ascii (int i) {
	return ascii_mm[i] + ascii_ii[i];
}
short int ebcdic_ii[] = { 0x89D3, 0xE3E3, 0x8593, 0x95C5, 0x89C4, 0x9581, 0 };
short int ebcdic_mm[] = { 0xC2C9, 0xC785, 0x95C4, 0x8981, 0x95E2, 0xA8E2, 0 };
int use_ebcdic (int i) {
	return ebcdic_mm[i] + ebcdic_ii[i];
}
extern int foo;

<==
[1/2] Compiling [32mbuild/.conf_check_c072ccde5a7993b005dd57adf306fcfd/test.c[0m

['/usr/bin/gcc', '-Os', '-Wall', '-g', '-std=gnu99', '-DGIT_REV="unknown"', '-DCSP_POSIX=1', '-DCSP_DEBUG=1', '-DCSP_USE_RDP=1', '-DCSP_USE_CRC32=1', '-DCSP_USE_HMAC=1', '-DCSP_USE_XTEA=1', '-DCSP_USE_PROMISC=1', '-DCSP_USE_QOS=1', '-DCSP_CONN_MAX=10', '-DCSP_CONN_QUEUE_LENGTH=100', '-DCSP_FIFO_INPUT=100', '-DCSP_MAX_BIND_PORT=31', '-DCSP_RDP_MAX_WINDOW=20', '-DCSP_PADDING_BYTES=8', '-DCSP_CONNECTION_SO=0', '-DCSP_LOG_LEVEL_DEBUG=1', '-DCSP_LOG_LEVEL_INFO=1', '-DCSP_LOG_LEVEL_WARN=1', '-DCSP_LOG_LEVEL_ERROR=1', '../test.c', '-c', '-o', '/home/yuling/Desktop/UHF_GS_CSP-term software_16 May 2023_auto client addr/build/.conf_check_c072ccde5a7993b005dd57adf306fcfd/testbuild/test.c.1.o']
[2/2] Processing [35mbuild/.conf_check_c072ccde5a7993b005dd57adf306fcfd/testbuild/test.c.1.o[0m

little
----------------------------------------
Checking for header stdbool.h
==>
#include <stdbool.h>

int main(int argc, char **argv) {
	(void)argc; (void)argv;
	return 0;
}

<==
[1/2] Compiling [32mbuild/.conf_check_844180c6ab9e7f2311a963a38e843639/test.c[0m

['/usr/bin/gcc', '-Os', '-Wall', '-g', '-std=gnu99', '-DGIT_REV="unknown"', '-DCSP_POSIX=1', '-DCSP_DEBUG=1', '-DCSP_USE_RDP=1', '-DCSP_USE_CRC32=1', '-DCSP_USE_HMAC=1', '-DCSP_USE_XTEA=1', '-DCSP_USE_PROMISC=1', '-DCSP_USE_QOS=1', '-DCSP_CONN_MAX=10', '-DCSP_CONN_QUEUE_LENGTH=100', '-DCSP_FIFO_INPUT=100', '-DCSP_MAX_BIND_PORT=31', '-DCSP_RDP_MAX_WINDOW=20', '-DCSP_PADDING_BYTES=8', '-DCSP_CONNECTION_SO=0', '-DCSP_LOG_LEVEL_DEBUG=1', '-DCSP_LOG_LEVEL_INFO=1', '-DCSP_LOG_LEVEL_WARN=1', '-DCSP_LOG_LEVEL_ERROR=1', '-DCSP_LITTLE_ENDIAN=1', '../test.c', '-c', '-o', '/home/yuling/Desktop/UHF_GS_CSP-term software_16 May 2023_auto client addr/build/.conf_check_844180c6ab9e7f2311a963a38e843639/testbuild/test.c.1.o']
[2/2] Linking [33mbuild/.conf_check_844180c6ab9e7f2311a963a38e843639/testbuild/libtestprog.a[0m

['/usr/bin/ar', 'rcs', 'libtestprog.a', 'test.c.1.o']
yes
----------------------------------------
Checking for library socketcan
==>

int main(int argc, char **argv) {
	(void)argc; (void)argv;
	return 0;
}

<==
[1/2] Compiling [32mbuild/.conf_check_7a459d0d316cb90d7b9cb20106ec9182/test.c[0m

['/usr/bin/gcc', '-Os', '-Wall', '-g', '-std=gnu99', '-DGIT_REV="unknown"', '-DCSP_POSIX=1', '-DCSP_DEBUG=1', '-DCSP_USE_RDP=1', '-DCSP_USE_CRC32=1', '-DCSP_USE_HMAC=1', '-DCSP_USE_XTEA=1', '-DCSP_USE_PROMISC=1', '-DCSP_USE_QOS=1', '-DCSP_CONN_MAX=10', '-DCSP_CONN_QUEUE_LENGTH=100', '-DCSP_FIFO_INPUT=100', '-DCSP_MAX_BIND_PORT=31', '-DCSP_RDP_MAX_WINDOW=20', '-DCSP_PADDING_BYTES=8', '-DCSP_CONNECTION_SO=0', '-DCSP_LOG_LEVEL_DEBUG=1', '-DCSP_LOG_LEVEL_INFO=1', '-DCSP_LOG_LEVEL_WARN=1', '-DCSP_LOG_LEVEL_ERROR=1', '-DCSP_LITTLE_ENDIAN=1', '-DCSP_HAVE_STDBOOL_H=1', '../test.c', '-c', '-o', '/home/yuling/Desktop/UHF_GS_CSP-term software_16 May 2023_auto client addr/build/.conf_check_7a459d0d316cb90d7b9cb20106ec9182/testbuild/test.c.1.o']
[2/2] Linking [33mbuild/.conf_check_7a459d0d316cb90d7b9cb20106ec9182/testbuild/testprog[0m

['/usr/bin/gcc', 'test.c.1.o', '-o', '/home/yuling/Desktop/UHF_GS_CSP-term software_16 May 2023_auto client addr/build/.conf_check_7a459d0d316cb90d7b9cb20106ec9182/testbuild/testprog', '-Wl,-Bstatic', '-Wl,-Bdynamic', '-lsocketcan']
yes
(tool gcc is already loaded, skipping)
(tool gcc is already loaded, skipping)
----------------------------------------
Checking for endianness
==>

short int ascii_mm[] = { 0x4249, 0x4765, 0x6E44, 0x6961, 0x6E53, 0x7953, 0 };
short int ascii_ii[] = { 0x694C, 0x5454, 0x656C, 0x6E45, 0x6944, 0x6E61, 0 };
int use_ascii (int i) {
	return ascii_mm[i] + ascii_ii[i];
}
short int ebcdic_ii[] = { 0x89D3, 0xE3E3, 0x8593, 0x95C5, 0x89C4, 0x9581, 0 };
short int ebcdic_mm[] = { 0xC2C9, 0xC785, 0x95C4, 0x8981, 0x95E2, 0xA8E2, 0 };
int use_ebcdic (int i) {
	return ebcdic_mm[i] + ebcdic_ii[i];
}
extern int foo;

<==
[1/2] Compiling [32mbuild/.conf_check_d5e0aa875c61c2adc87270c7e7bfdceb/test.c[0m

['/usr/bin/gcc', '-Os', '-Wall', '-g', '-std=gnu99', '-DLOG_CDH="1"', '-DRTC_ENABLED=1', '../test.c', '-c', '-o', '/home/yuling/Desktop/UHF_GS_CSP-term software_16 May 2023_auto client addr/build/.conf_check_d5e0aa875c61c2adc87270c7e7bfdceb/testbuild/test.c.1.o']
[2/2] Processing [35mbuild/.conf_check_d5e0aa875c61c2adc87270c7e7bfdceb/testbuild/test.c.1.o[0m

little
(tool gcc is already loaded, skipping)
----------------------------------------
Checking for header time.h
==>
#include <time.h>

int main(int argc, char **argv) {
	(void)argc; (void)argv;
	return 0;
}

<==
[1/2] Compiling [32mbuild/.conf_check_c23305ea8c871df066b2d9c5c60ed801/test.c[0m

['/usr/bin/gcc', '-Os', '-Wall', '-g', '-std=gnu99', '-DCONSOLE_HISTORY_ENABLE=1', '-DCONSOLE_HISTORY_ELEMENTS=10', '-DCONSOLE_BUFSIZ=100', '../test.c', '-c', '-o', '/home/yuling/Desktop/UHF_GS_CSP-term software_16 May 2023_auto client addr/build/.conf_check_c23305ea8c871df066b2d9c5c60ed801/testbuild/test.c.1.o']
[2/2] Linking [33mbuild/.conf_check_c23305ea8c871df066b2d9c5c60ed801/testbuild/testprog[0m

['/usr/bin/gcc', 'test.c.1.o', '-o', '/home/yuling/Desktop/UHF_GS_CSP-term software_16 May 2023_auto client addr/build/.conf_check_c23305ea8c871df066b2d9c5c60ed801/testbuild/testprog', '-Wl,-Bstatic', '-Wl,-Bdynamic']
yes
(tool gcc is already loaded, skipping)
----------------------------------------
Checking for header glob.h
==>
#include <glob.h>

int main(int argc, char **argv) {
	(void)argc; (void)argv;
	return 0;
}

<==
[1/2] Compiling [32mbuild/.conf_check_06ea040abc0685875197b006d9c88386/test.c[0m

['/usr/bin/gcc', '-Os', '-Wall', '-g', '-std=gnu99', '-DENABLE_FTP_FILE_BACKEND=1', '-DENABLE_FTP_CLIENT=1', '../test.c', '-c', '-o', '/home/yuling/Desktop/UHF_GS_CSP-term software_16 May 2023_auto client addr/build/.conf_check_06ea040abc0685875197b006d9c88386/testbuild/test.c.1.o']
[2/2] Linking [33mbuild/.conf_check_06ea040abc0685875197b006d9c88386/testbuild/testprog[0m

['/usr/bin/gcc', 'test.c.1.o', '-o', '/home/yuling/Desktop/UHF_GS_CSP-term software_16 May 2023_auto client addr/build/.conf_check_06ea040abc0685875197b006d9c88386/testbuild/testprog', '-Wl,-Bstatic', '-Wl,-Bdynamic']
yes
----------------------------------------
Clients included:
